
> covenant@0.1.0 build
> next build

▲ Next.js 16.2.6 (Turbopack)

  Creating an optimized production build ...
✓ Compiled successfully in 6.6s
  Running TypeScript ...
  Finished TypeScript in 13.5s ...
  Collecting page data using 13 workers ...
  Generating static pages using 13 workers (0/12) ...
  Generating static pages using 13 workers (3/12) 
  Generating static pages using 13 workers (6/12) 
  Generating static pages using 13 workers (9/12) 
✓ Generating static pages using 13 workers (12/12) in 1345ms
  Finalizing page optimization ...

Route (app)
┌ ○ /
├ ○ /_not-found
├ ƒ /api/venice
├ ƒ /api/x402/sentiment
├ ○ /dashboard
├ ○ /dashboard/audit
├ ○ /dashboard/console
├ ○ /dashboard/covenants
├ ○ /dashboard/services
└ ○ /new


○  (Static)   prerendered as static content
ƒ  (Dynamic)  server-rendered on demand

