
> covenant@0.1.0 lint
> eslint


F:\Hack\metamask\covenant\src\components\covenant\covenant-builder.tsx
  4:10  warning  'motion' is defined but never used  @typescript-eslint/no-unused-vars

F:\Hack\metamask\covenant\src\components\covenant\onchain-status.tsx
  47:5  error  Error: Calling setState synchronously within an effect can trigger cascading renders

Effects are intended to synchronize state between React and external systems such as manually updating the DOM, state management libraries, or other platform APIs. In general, the body of an effect should do one or both of the following:
* Update external systems with the latest state from React.
* Subscribe for updates from some external system, calling setState in a callback function when external state changes.

Calling setState synchronously within an effect body causes cascading renders that can hurt performance, and is not recommended. (https://react.dev/learn/you-might-not-need-an-effect).

F:\Hack\metamask\covenant\src\components\covenant\onchain-status.tsx:47:5
  45 |
  46 |   React.useEffect(() => {
> 47 |     refresh();
     |     ^^^^^^^ Avoid calling setState() directly within an effect
  48 |   }, [refresh]);
  49 |
  50 |   async function deploy() {  react-hooks/set-state-in-effect

F:\Hack\metamask\covenant\src\components\covenant\task-console.tsx
  32:10  warning  'plan' is assigned a value but never used  @typescript-eslint/no-unused-vars

F:\Hack\metamask\covenant\src\lib\store.tsx
  33:9  error  Error: Calling setState synchronously within an effect can trigger cascading renders

Effects are intended to synchronize state between React and external systems such as manually updating the DOM, state management libraries, or other platform APIs. In general, the body of an effect should do one or both of the following:
* Update external systems with the latest state from React.
* Subscribe for updates from some external system, calling setState in a callback function when external state changes.

Calling setState synchronously within an effect body causes cascading renders that can hurt performance, and is not recommended. (https://react.dev/learn/you-might-not-need-an-effect).

F:\Hack\metamask\covenant\src\lib\store.tsx:33:9
  31 |       if (raw) {
  32 |         const parsed = JSON.parse(raw);
> 33 |         setCovenants(parsed.covenants ?? []);
     |         ^^^^^^^^^^^^ Avoid calling setState() directly within an effect
  34 |         setAudit(parsed.audit ?? []);
  35 |       } else {
  36 |         // First load: seed from reference data so dashboards look populated  react-hooks/set-state-in-effect

F:\Hack\metamask\covenant\src\lib\wallet.tsx
  38:5  error  Error: Calling setState synchronously within an effect can trigger cascading renders

Effects are intended to synchronize state between React and external systems such as manually updating the DOM, state management libraries, or other platform APIs. In general, the body of an effect should do one or both of the following:
* Update external systems with the latest state from React.
* Subscribe for updates from some external system, calling setState in a callback function when external state changes.

Calling setState synchronously within an effect body causes cascading renders that can hurt performance, and is not recommended. (https://react.dev/learn/you-might-not-need-an-effect).

F:\Hack\metamask\covenant\src\lib\wallet.tsx:38:5
  36 |   React.useEffect(() => {
  37 |     const p = getInjected();
> 38 |     setHasWallet(!!p);
     |     ^^^^^^^^^^^^ Avoid calling setState() directly within an effect
  39 |     if (!p) return;
  40 |     p.request({ method: "eth_chainId" }).then((c) => setChainId(parseInt(c as string, 16))).catch(() => {});
  41 |     p.request({ method: "eth_accounts" }).then((accs) => {  react-hooks/set-state-in-effect

✖ 5 problems (3 errors, 2 warnings)

